<?xml version="1.0" encoding="UTF-8"?>
<!-- Generated by org.testng.reporters.JUnitReportReporter -->
<testsuite hostname="DESKTOP-EPVRCR4" failures="0" tests="4" name="test.TC_001_SignupTest" time="26.239" errors="0" timestamp="2025-04-28T00:54:08 IST" skipped="0">
  <testcase classname="test.TC_001_SignupTest" name="verifySignupNegativeScenario" time="6.498"/>
  <testcase classname="test.TC_001_SignupTest" name="verifySignupPositiveScenario" time="6.903"/>
  <testcase classname="test.TC_001_SignupTest" name="verifySignupPositiveScenario" time="8.788"/>
  <testcase classname="test.TC_001_SignupTest" name="verifySignupNegativeScenario" time="4.050"/>
</testsuite> <!-- test.TC_001_SignupTest -->
