<?xml version="1.0" encoding="UTF-8"?>
<!-- Generated by org.testng.reporters.JUnitReportReporter -->
<testsuite hostname="DESKTOP-EPVRCR4" failures="0" tests="1" name="test.TC_011_DeleteContactAndLogoutTest" time="14.109" errors="0" timestamp="2025-04-28T00:54:08 IST" skipped="0">
  <testcase classname="test.TC_011_DeleteContactAndLogoutTest" name="deleteContactByCity" time="14.109"/>
</testsuite> <!-- test.TC_011_DeleteContactAndLogoutTest -->
