<?xml version="1.0" encoding="UTF-8"?>
<!-- Generated by org.testng.reporters.JUnitReportReporter -->
<testsuite hostname="DESKTOP-EPVRCR4" failures="0" tests="1" name="test.TC_005_VerifyDateRetentionTest" time="11.912" errors="0" timestamp="2025-05-06T16:54:05 IST" skipped="0">
  <testcase classname="test.TC_005_VerifyDateRetentionTest" name="validateCheckInAndOutDatesRetained" time="11.912"/>
</testsuite> <!-- test.TC_005_VerifyDateRetentionTest -->
