<?xml version="1.0" encoding="UTF-8"?>
<!-- Generated by org.testng.reporters.JUnitReportReporter -->
<testsuite hostname="DESKTOP-EPVRCR4" failures="0" tests="1" name="test.TC_010_ContactEditingTest" time="21.610" errors="0" timestamp="2025-04-27T22:52:00 IST" skipped="0">
  <testcase classname="test.TC_010_ContactEditingTest" name="editContactDetails" time="21.610"/>
</testsuite> <!-- test.TC_010_ContactEditingTest -->
