<?xml version="1.0" encoding="UTF-8"?>
<!-- Generated by org.testng.reporters.JUnitReportReporter -->
<testsuite hostname="DESKTOP-EPVRCR4" failures="0" tests="4" name="test.TC_001_SignupTest" time="21.807" errors="0" timestamp="2025-04-27T22:52:00 IST" skipped="0">
  <testcase classname="test.TC_001_SignupTest" name="verifySignupNegativeScenario" time="6.496"/>
  <testcase classname="test.TC_001_SignupTest" name="verifySignupPositiveScenario" time="4.905"/>
  <testcase classname="test.TC_001_SignupTest" name="verifySignupPositiveScenario" time="6.729"/>
  <testcase classname="test.TC_001_SignupTest" name="verifySignupNegativeScenario" time="3.677"/>
</testsuite> <!-- test.TC_001_SignupTest -->
