<?xml version="1.0" encoding="UTF-8"?>
<!-- Generated by org.testng.reporters.JUnitReportReporter -->
<testsuite hostname="DESKTOP-EPVRCR4" failures="0" tests="3" name="test.TC_002_003_004_LoginNegativeTests" time="29.829" errors="0" timestamp="2025-05-07T11:11:13 IST" skipped="0">
  <testcase classname="test.TC_002_003_004_LoginNegativeTests" name="TC_Login_001_EmptyUsernameAndPassword" time="9.796"/>
  <testcase classname="test.TC_002_003_004_LoginNegativeTests" name="TC_Login_003_OnlyPasswordEntered" time="9.927"/>
  <testcase classname="test.TC_002_003_004_LoginNegativeTests" name="TC_Login_007_SpecialCharacters" time="10.106"/>
</testsuite> <!-- test.TC_002_003_004_LoginNegativeTests -->
