<?xml version="1.0" encoding="UTF-8"?>
<!-- Generated by org.testng.reporters.JUnitReportReporter -->
<testsuite hostname="DESKTOP-EPVRCR4" failures="0" tests="3" name="test.TC_002_LoginNegativeTests" time="30.348" errors="0" timestamp="2025-05-07T09:56:26 IST" skipped="0">
  <testcase classname="test.TC_002_LoginNegativeTests" name="TC_Login_007_SpecialCharacters" time="10.384"/>
  <testcase classname="test.TC_002_LoginNegativeTests" name="TC_Login_001_EmptyUsernameAndPassword" time="9.904"/>
  <testcase classname="test.TC_002_LoginNegativeTests" name="TC_Login_003_OnlyPasswordEntered" time="10.060"/>
</testsuite> <!-- test.TC_002_LoginNegativeTests -->
