<?xml version="1.0" encoding="UTF-8"?>
<!-- Generated by org.testng.reporters.JUnitReportReporter -->
<testsuite hostname="DESKTOP-EPVRCR4" failures="0" tests="1" name="test.TC_001_LoginTest" time="11.613" errors="0" timestamp="2025-05-06T16:54:05 IST" skipped="0">
  <testcase classname="test.TC_001_LoginTest" name="loginTest" time="11.613"/>
</testsuite> <!-- test.TC_001_LoginTest -->
