<?xml version="1.0" encoding="UTF-8"?>
<!-- Generated by org.testng.reporters.JUnitReportReporter -->
<testsuite hostname="DESKTOP-EPVRCR4" failures="0" tests="1" name="test.TC_008_VerifyLocationTest" time="12.641" errors="0" timestamp="2025-05-07T11:11:13 IST" skipped="0">
  <testcase classname="test.TC_008_VerifyLocationTest" name="verifyLocationOnSelectHotelPage" time="12.641"/>
</testsuite> <!-- test.TC_008_VerifyLocationTest -->
