<?xml version="1.0" encoding="UTF-8"?>
<!-- Generated by org.testng.reporters.JUnitReportReporter -->
<testsuite hostname="DESKTOP-EPVRCR4" failures="0" tests="1" name="test.TC_011_DeleteContactTest" time="8.385" errors="0" timestamp="2025-04-28T00:22:10 IST" skipped="0">
  <testcase classname="test.TC_011_DeleteContactTest" name="deleteContactByCity" time="8.385"/>
</testsuite> <!-- test.TC_011_DeleteContactTest -->
