<?xml version="1.0" encoding="UTF-8"?>
<!-- Generated by org.testng.reporters.JUnitReportReporter -->
<testsuite hostname="DESKTOP-EPVRCR4" failures="0" tests="1" name="test.TC_003_AddContactMandatoryFieldsTest" time="8.069" errors="0" timestamp="2025-04-27T22:52:00 IST" skipped="0">
  <testcase classname="test.TC_003_AddContactMandatoryFieldsTest" name="addContactWithMandatoryFields" time="8.069"/>
</testsuite> <!-- test.TC_003_AddContactMandatoryFieldsTest -->
