<?xml version="1.0" encoding="UTF-8"?>
<!-- Generated by org.testng.reporters.JUnitReportReporter -->
<testsuite hostname="DESKTOP-EPVRCR4" failures="0" tests="1" name="test.TC_006_VerifyLocationTest" time="12.484" errors="0" timestamp="2025-05-07T09:56:26 IST" skipped="0">
  <testcase classname="test.TC_006_VerifyLocationTest" name="verifyLocationOnSelectHotelPage" time="12.484"/>
</testsuite> <!-- test.TC_006_VerifyLocationTest -->
