<?xml version="1.0" encoding="UTF-8"?>
<!-- Generated by org.testng.reporters.JUnitReportReporter -->
<testsuite hostname="DESKTOP-EPVRCR4" failures="0" tests="4" name="test.TC_001_SignupTest" time="22.282" errors="0" timestamp="2025-04-26T03:17:54 IST" skipped="0">
  <testcase classname="test.TC_001_SignupTest" name="verifySignupPositiveScenario" time="4.142"/>
  <testcase classname="test.TC_001_SignupTest" name="verifySignupNegativeScenario" time="4.489"/>
  <testcase classname="test.TC_001_SignupTest" name="verifySignupPositiveScenario" time="6.004"/>
  <testcase classname="test.TC_001_SignupTest" name="verifySignupNegativeScenario" time="7.647"/>
</testsuite> <!-- test.TC_001_SignupTest -->
