<?xml version="1.0" encoding="UTF-8"?>
<!-- Generated by org.testng.reporters.JUnitReportReporter -->
<testsuite hostname="DESKTOP-EPVRCR4" failures="0" tests="3" name="test.TC_002_LoginNegativeTests" time="28.625" errors="0" timestamp="2025-05-06T16:54:05 IST" skipped="0">
  <testcase classname="test.TC_002_LoginNegativeTests" name="TC_Login_007_SpecialCharacters" time="9.400"/>
  <testcase classname="test.TC_002_LoginNegativeTests" name="TC_Login_003_OnlyPasswordEntered" time="9.870"/>
  <testcase classname="test.TC_002_LoginNegativeTests" name="TC_Login_001_EmptyUsernameAndPassword" time="9.355"/>
</testsuite> <!-- test.TC_002_LoginNegativeTests -->
