<?xml version="1.0" encoding="UTF-8"?>
<!-- Generated by org.testng.reporters.JUnitReportReporter -->
<testsuite hostname="DESKTOP-EPVRCR4" failures="0" tests="1" name="test.TC_003_AddContactMandatoryFieldsTest" time="10.118" errors="0" timestamp="2025-04-28T00:54:08 IST" skipped="0">
  <testcase classname="test.TC_003_AddContactMandatoryFieldsTest" name="addContactWithMandatoryFields" time="10.118"/>
</testsuite> <!-- test.TC_003_AddContactMandatoryFieldsTest -->
