<?xml version="1.0" encoding="UTF-8"?>
<!-- Generated by org.testng.reporters.JUnitReportReporter -->
<testsuite hostname="DESKTOP-EPVRCR4" failures="0" tests="1" name="test.TC_005_VerifyDateRetentionTest" time="12.148" errors="0" timestamp="2025-05-07T09:56:26 IST" skipped="0">
  <testcase classname="test.TC_005_VerifyDateRetentionTest" name="validateCheckInAndOutDatesRetained" time="12.148"/>
</testsuite> <!-- test.TC_005_VerifyDateRetentionTest -->
