<?xml version="1.0" encoding="UTF-8"?>
<!-- Generated by org.testng.reporters.JUnitReportReporter -->
<testsuite hostname="DESKTOP-EPVRCR4" failures="0" tests="1" name="test.TC_007_VerifyContactDetailsTest" time="7.819" errors="0" timestamp="2025-04-27T22:52:00 IST" skipped="0">
  <testcase classname="test.TC_007_VerifyContactDetailsTest" name="verifyContactDetails" time="7.819"/>
</testsuite> <!-- test.TC_007_VerifyContactDetailsTest -->
