<?xml version="1.0" encoding="UTF-8"?>
<!-- Generated by org.testng.reporters.JUnitReportReporter -->
<testsuite hostname="DESKTOP-EPVRCR4" failures="0" tests="1" name="test.TC_004_EditContactTest" time="3.881" errors="0" timestamp="2025-04-26T00:55:31 IST" skipped="0">
  <testcase classname="test.TC_004_EditContactTest" name="editContactDetails" time="3.881"/>
</testsuite> <!-- test.TC_004_EditContactTest -->
