<?xml version="1.0" encoding="UTF-8"?>
<!-- Generated by org.testng.reporters.JUnitReportReporter -->
<testsuite hostname="DESKTOP-EPVRCR4" failures="0" tests="1" name="test.TC_005_DeleteContactTest" time="3.772" errors="0" timestamp="2025-04-26T00:55:31 IST" skipped="0">
  <testcase classname="test.TC_005_DeleteContactTest" name="deleteContact" time="3.772"/>
</testsuite> <!-- test.TC_005_DeleteContactTest -->
