<?xml version="1.0" encoding="UTF-8"?>
<!-- Generated by org.testng.reporters.JUnitReportReporter -->
<testsuite hostname="DESKTOP-EPVRCR4" failures="0" tests="1" name="test.TC_004_MandatoryAndSomeOptionalTest" time="8.849" errors="0" timestamp="2025-04-28T00:54:08 IST" skipped="0">
  <testcase classname="test.TC_004_MandatoryAndSomeOptionalTest" name="addContactWithMandatoryAndSomeOptionalFields" time="8.849"/>
</testsuite> <!-- test.TC_004_MandatoryAndSomeOptionalTest -->
